C:\Program Files\Microsoft Visual Studio\2022\Community\MSBuild\Microsoft\VC\v170\Microsoft.CppBuild.targets(517,5): warning MSB8004: Output Directory does not end with a trailing slash.  This build instance will add the slash as it is required to allow proper evaluation of the Output Directory.
  Performing Custom Build Tools
  Microsoft (R) Macro Assembler Version 14.41.34120.0
  Copyright (C) Microsoft Corporation.  All rights reserved.
  
   Assembling: C:\Users\alyso\gitstuff\quake2mod\ref_soft\r_aclipa.asm
  Performing Custom Build Tools
  Microsoft (R) Macro Assembler Version 14.41.34120.0
  Copyright (C) Microsoft Corporation.  All rights reserved.
  
   Assembling: C:\Users\alyso\gitstuff\quake2mod\ref_soft\r_draw16.asm
  Performing Custom Build Tools
  Microsoft (R) Macro Assembler Version 14.41.34120.0
  Copyright (C) Microsoft Corporation.  All rights reserved.
  
   Assembling: C:\Users\alyso\gitstuff\quake2mod\ref_soft\r_drawa.asm
  Performing Custom Build Tools
  Microsoft (R) Macro Assembler Version 14.41.34120.0
  Copyright (C) Microsoft Corporation.  All rights reserved.
  
   Assembling: C:\Users\alyso\gitstuff\quake2mod\ref_soft\r_edgea.asm
  Performing Custom Build Tools
  Microsoft (R) Macro Assembler Version 14.41.34120.0
  Copyright (C) Microsoft Corporation.  All rights reserved.
  
   Assembling: C:\Users\alyso\gitstuff\quake2mod\ref_soft\r_polysa.asm
  Performing Custom Build Tools
  Microsoft (R) Macro Assembler Version 14.41.34120.0
  Copyright (C) Microsoft Corporation.  All rights reserved.
  
   Assembling: C:\Users\alyso\gitstuff\quake2mod\ref_soft\r_scana.asm
  Performing Custom Build Tools
  Microsoft (R) Macro Assembler Version 14.41.34120.0
  Copyright (C) Microsoft Corporation.  All rights reserved.
  
   Assembling: C:\Users\alyso\gitstuff\quake2mod\ref_soft\r_spr8.asm
  Performing Custom Build Tools
  Microsoft (R) Macro Assembler Version 14.41.34120.0
  Copyright (C) Microsoft Corporation.  All rights reserved.
  
   Assembling: C:\Users\alyso\gitstuff\quake2mod\ref_soft\r_surf8.asm
  Performing Custom Build Tools
  Microsoft (R) Macro Assembler Version 14.41.34120.0
  Copyright (C) Microsoft Corporation.  All rights reserved.
  
   Assembling: C:\Users\alyso\gitstuff\quake2mod\ref_soft\r_varsa.asm
C:\Program Files\Microsoft Visual Studio\2022\Community\MSBuild\Microsoft\VC\v170\Microsoft.CppCommon.targets(254,5): warning MSB8065: Custom build for item "r_aclipa.asm" succeeded, but specified output "c:\users\alyso\gitstuff\quake2mod\ref_soft\mod\.obj" has not been created. This may cause incremental build to work incorrectly.
C:\Program Files\Microsoft Visual Studio\2022\Community\MSBuild\Microsoft\VC\v170\Microsoft.CppCommon.targets(254,5): warning MSB8065: Custom build for item "r_draw16.asm" succeeded, but specified output "c:\users\alyso\gitstuff\quake2mod\ref_soft\mod\.obj" has not been created. This may cause incremental build to work incorrectly.
C:\Program Files\Microsoft Visual Studio\2022\Community\MSBuild\Microsoft\VC\v170\Microsoft.CppCommon.targets(254,5): warning MSB8065: Custom build for item "r_drawa.asm" succeeded, but specified output "c:\users\alyso\gitstuff\quake2mod\ref_soft\mod\.obj" has not been created. This may cause incremental build to work incorrectly.
C:\Program Files\Microsoft Visual Studio\2022\Community\MSBuild\Microsoft\VC\v170\Microsoft.CppCommon.targets(254,5): warning MSB8065: Custom build for item "r_edgea.asm" succeeded, but specified output "c:\users\alyso\gitstuff\quake2mod\ref_soft\mod\.obj" has not been created. This may cause incremental build to work incorrectly.
C:\Program Files\Microsoft Visual Studio\2022\Community\MSBuild\Microsoft\VC\v170\Microsoft.CppCommon.targets(254,5): warning MSB8065: Custom build for item "r_polysa.asm" succeeded, but specified output "c:\users\alyso\gitstuff\quake2mod\ref_soft\mod\.obj" has not been created. This may cause incremental build to work incorrectly.
C:\Program Files\Microsoft Visual Studio\2022\Community\MSBuild\Microsoft\VC\v170\Microsoft.CppCommon.targets(254,5): warning MSB8065: Custom build for item "r_scana.asm" succeeded, but specified output "c:\users\alyso\gitstuff\quake2mod\ref_soft\mod\.obj" has not been created. This may cause incremental build to work incorrectly.
C:\Program Files\Microsoft Visual Studio\2022\Community\MSBuild\Microsoft\VC\v170\Microsoft.CppCommon.targets(254,5): warning MSB8065: Custom build for item "r_spr8.asm" succeeded, but specified output "c:\users\alyso\gitstuff\quake2mod\ref_soft\mod\.obj" has not been created. This may cause incremental build to work incorrectly.
C:\Program Files\Microsoft Visual Studio\2022\Community\MSBuild\Microsoft\VC\v170\Microsoft.CppCommon.targets(254,5): warning MSB8065: Custom build for item "r_surf8.asm" succeeded, but specified output "c:\users\alyso\gitstuff\quake2mod\ref_soft\mod\.obj" has not been created. This may cause incremental build to work incorrectly.
C:\Program Files\Microsoft Visual Studio\2022\Community\MSBuild\Microsoft\VC\v170\Microsoft.CppCommon.targets(254,5): warning MSB8065: Custom build for item "r_varsa.asm" succeeded, but specified output "c:\users\alyso\gitstuff\quake2mod\ref_soft\mod\.obj" has not been created. This may cause incremental build to work incorrectly.
C:\Program Files\Microsoft Visual Studio\2022\Community\MSBuild\Microsoft\VC\v170\Microsoft.CppBuild.targets(1392,5): warning MSB8012: TargetPath(C:\Users\alyso\gitstuff\quake2mod\ref_soft\mod\ref_soft.dll) does not match the Linker's OutputFile property value (C:\Users\alyso\gitstuff\quake2mod\debug\ref_soft.dll). This may cause your project to build incorrectly. To correct this, please make sure that $(OutDir), $(TargetName) and $(TargetExt) property values match the value specified in %(Link.OutputFile).
LINK : fatal error LNK1181: cannot open input file '.\mod\\.obj'
